#
# A fatal error has been detected by the Java Runtime Environment:
#
#  SIGSEGV (0xb) at pc=0x00007fff84da38a3, pid=1181, tid=4319748096
#
# JRE version: 7.0_04-b21
# Java VM: Java HotSpot(TM) 64-Bit Server VM (23.0-b21 mixed mode bsd-amd64 compressed oops)
# Problematic frame:
# C  [libiconv.2.dylib+0x28a3]  unicode_loop_convert+0x36
#
# Failed to write core dump. Core dumps have been disabled. To enable core dumping, try "ulimit -c unlimited" before starting Java again
#
# If you would like to submit a bug report, please visit:
#   http://bugreport.sun.com/bugreport/crash.jsp
# The crash happened outside the Java Virtual Machine in native code.
# See problematic frame for where to report the bug.
#

---------------  T H R E A D  ---------------

Current thread (0x00007f8cba807000):  JavaThread "main" [_thread_in_native, id=24780800, stack(0x00000001016a2000,0x00000001017a2000)]

siginfo:si_signo=SIGSEGV: si_errno=0, si_code=1 (SEGV_MAPERR), si_addr=0x0000000000000000

Registers:
RAX=0x00007fff84da386d, RBX=0x000000010b6a2000, RCX=0x000000010179fcc8, RDX=0x0000000000000000
RSP=0x000000010179fbf0, RBP=0x000000010179fca0, RSI=0x000000010179fcd8, RDI=0x00007f8cba64af50
R8 =0x000000010179fd60, R9 =0x000000010179fd4c, R10=0x0000000000000000, R11=0x0000000000000206
R12=0x0000000000000000, R13=0x00007f8cba64af50, R14=0x000000010179fdf0, R15=0x000000010179fde8
RIP=0x00007fff84da38a3, EFLAGS=0x0000000000010206, ERR=0x0000000000000004
  TRAPNO=0x000000000000000e

Top of Stack: (sp=0x000000010179fbf0)
0x000000010179fbf0:   0000000100000000 000000010179fcd8
0x000000010179fc00:   0000000000000000 000000010179fcc8
0x000000010179fc10:   000000010179fd60 0000000000000000
0x000000010179fc20:   0000000101574000 0000000000000000
0x000000010179fc30:   0000000000000009 0000000101577a00
0x000000010179fc40:   000000010179fd30 00007fff8fa97289
0x000000010179fc50:   0000000000000001 0000000101577a00
0x000000010179fc60:   000000010179fd50 00007fff8fa97289
0x000000010179fc70:   0000000101577a00 0000000000000000
0x000000010179fc80:   0000000000000000 00000007cabfad78
0x000000010179fc90:   000000010179fdf0 000000010179fde8
0x000000010179fca0:   000000010179fcf0 000000010b694d2a
0x000000010179fcb0:   0000000000001000 000000010179fd4c
0x000000010179fcc0:   000000010179fd60 000000010b6a2000
0x000000010179fcd0:   0000000000000000 000000010b6a2000
0x000000010179fce0:   00007f8cba64af50 00007fff8485fb1c
0x000000010179fcf0:   000000010179fd90 000000010b694e06
0x000000010179fd00:   00000007f03adef0 0000000000000000
0x000000010179fd10:   000000010179fd30 00000001023b1e57
0x000000010179fd20:   0000000000001000 0000000000000000
0x000000010179fd30:   000000010b6a2000 00007f8cba64af50
0x000000010179fd40:   0000000000000000 0000000000000000
0x000000010179fd50:   000000010b6a2000 000000010b6a2000
0x000000010179fd60:   0000000000000000 0000000000000000
0x000000010179fd70:   00007f8cba64af50 000000010179ff60
0x000000010179fd80:   00007f8cba8071d8 00007f8cba8071d8
0x000000010179fd90:   000000010179fe80 000000010b695313
0x000000010179fda0:   000000010b6a2000 00007f8cba64aa30
0x000000010179fdb0:   0000000000000001 00007f8cba64aa30
0x000000010179fdc0:   00007f8cba600000 000000010179fde8
0x000000010179fdd0:   000000010179fdf0 0000000000000000
0x000000010179fde0:   0000000000000000 000000010b6a2000 

Instructions: (pc=0x00007fff84da38a3)
0x00007fff84da3883:   85 70 ff ff ff 48 89 8d 68 ff ff ff 48 89 95 60
0x00007fff84da3893:   ff ff ff 48 89 b5 58 ff ff ff 49 89 fd 48 8b 1e
0x00007fff84da38a3:   4c 8b 32 4c 8b 21 49 8b 00 48 89 45 90 31 c0 4d
0x00007fff84da38b3:   85 f6 0f 84 51 02 00 00 48 89 85 78 ff ff ff 41 

Register to memory mapping:

RAX=0x00007fff84da386d: unicode_loop_convert+0 in /usr/lib/libiconv.2.dylib at 0x00007fff84da1000
RBX=0x000000010b6a2000 is an unknown value
RCX=0x000000010179fcc8 is pointing into the stack for thread: 0x00007f8cba807000
RDX=0x0000000000000000 is an unknown value
RSP=0x000000010179fbf0 is pointing into the stack for thread: 0x00007f8cba807000
RBP=0x000000010179fca0 is pointing into the stack for thread: 0x00007f8cba807000
RSI=0x000000010179fcd8 is pointing into the stack for thread: 0x00007f8cba807000
RDI=0x00007f8cba64af50 is an unknown value
R8 =0x000000010179fd60 is pointing into the stack for thread: 0x00007f8cba807000
R9 =0x000000010179fd4c is pointing into the stack for thread: 0x00007f8cba807000
R10=0x0000000000000000 is an unknown value
R11=0x0000000000000206 is an unknown value
R12=0x0000000000000000 is an unknown value
R13=0x00007f8cba64af50 is an unknown value
R14=0x000000010179fdf0 is pointing into the stack for thread: 0x00007f8cba807000
R15=0x000000010179fde8 is pointing into the stack for thread: 0x00007f8cba807000


Stack: [0x00000001016a2000,0x00000001017a2000],  sp=0x000000010179fbf0,  free space=1014k
Native frames: (J=compiled Java code, j=interpreted, Vv=VM code, C=native code)
C  [libiconv.2.dylib+0x28a3]  unicode_loop_convert+0x36
C  [libiconvprovider.dylib+0xd2a]  convert+0x5a
C  [libiconvprovider.dylib+0xe06]  reposition_and_convert+0xa6
C  [libiconvprovider.dylib+0x1313]  Java_org_robovm_rt_iconv_IconvProvider_encodeNativeArray+0x143
j  org.robovm.rt.iconv.IconvProvider.encodeNativeArray(J[C[BLorg/robovm/rt/iconv/IconvResult;IIII)I+0
j  org.robovm.rt.iconv.IconvProvider.encode(JLjava/nio/CharBuffer;Ljava/nio/ByteBuffer;)Lorg/robovm/rt/iconv/IconvResult;+100
j  org.robovm.rt.iconv.IconvEncoder.encodeLoop(Ljava/nio/CharBuffer;Ljava/nio/ByteBuffer;)Ljava/nio/charset/CoderResult;+40
j  java.nio.charset.CharsetEncoder.encode(Ljava/nio/CharBuffer;Ljava/nio/ByteBuffer;Z)Ljava/nio/charset/CoderResult;+57
j  org.robovm.rt.iconv.IconvEncoderArrayTest.testIconvEncodeEmptyInBuffer()V+64
v  ~StubRoutines::call_stub
V  [libjvm.dylib+0x286acf]
V  [libjvm.dylib+0x28689c]
V  [libjvm.dylib+0x3f392a]
V  [libjvm.dylib+0x3f3d82]
V  [libjvm.dylib+0x2bacb7]
j  sun.reflect.NativeMethodAccessorImpl.invoke0(Ljava/lang/reflect/Method;Ljava/lang/Object;[Ljava/lang/Object;)Ljava/lang/Object;+0
j  sun.reflect.NativeMethodAccessorImpl.invoke(Ljava/lang/Object;[Ljava/lang/Object;)Ljava/lang/Object;+87
j  sun.reflect.DelegatingMethodAccessorImpl.invoke(Ljava/lang/Object;[Ljava/lang/Object;)Ljava/lang/Object;+6
j  java.lang.reflect.Method.invoke(Ljava/lang/Object;[Ljava/lang/Object;)Ljava/lang/Object;+57
j  org.junit.runners.model.FrameworkMethod$1.runReflectiveCall()Ljava/lang/Object;+15
j  org.junit.internal.runners.model.ReflectiveCallable.run()Ljava/lang/Object;+1
j  org.junit.runners.model.FrameworkMethod.invokeExplosively(Ljava/lang/Object;[Ljava/lang/Object;)Ljava/lang/Object;+10
j  org.junit.internal.runners.statements.InvokeMethod.evaluate()V+12
j  org.junit.internal.runners.statements.RunBefores.evaluate()V+49
j  org.junit.internal.runners.statements.RunAfters.evaluate()V+18
j  org.junit.runners.BlockJUnit4ClassRunner.runChild(Lorg/junit/runners/model/FrameworkMethod;Lorg/junit/runner/notification/RunNotifier;)V+31
j  org.junit.runners.BlockJUnit4ClassRunner.runChild(Ljava/lang/Object;Lorg/junit/runner/notification/RunNotifier;)V+6
j  org.junit.runners.ParentRunner.runChildren(Lorg/junit/runner/notification/RunNotifier;)V+29
j  org.junit.runners.ParentRunner.access$000(Lorg/junit/runners/ParentRunner;Lorg/junit/runner/notification/RunNotifier;)V+2
j  org.junit.runners.ParentRunner$1.evaluate()V+8
j  org.junit.internal.runners.statements.RunBefores.evaluate()V+49
j  org.junit.internal.runners.statements.RunAfters.evaluate()V+18
j  org.junit.runners.ParentRunner.run(Lorg/junit/runner/notification/RunNotifier;)V+20
j  org.apache.maven.surefire.junit4.JUnit4Provider.execute(Ljava/lang/Class;Lorg/junit/runner/notification/RunNotifier;Ljava/lang/String;)V+79
j  org.apache.maven.surefire.junit4.JUnit4Provider.executeTestSet(Ljava/lang/Class;Lorg/apache/maven/surefire/report/RunListener;Lorg/junit/runner/notification/RunNotifier;)V+34
j  org.apache.maven.surefire.junit4.JUnit4Provider.invoke(Ljava/lang/Object;)Lorg/apache/maven/surefire/suite/RunResult;+133
v  ~StubRoutines::call_stub
V  [libjvm.dylib+0x286acf]
V  [libjvm.dylib+0x28689c]
V  [libjvm.dylib+0x3f392a]
V  [libjvm.dylib+0x3f3d82]
V  [libjvm.dylib+0x2bacb7]
j  sun.reflect.NativeMethodAccessorImpl.invoke0(Ljava/lang/reflect/Method;Ljava/lang/Object;[Ljava/lang/Object;)Ljava/lang/Object;+0
j  sun.reflect.NativeMethodAccessorImpl.invoke(Ljava/lang/Object;[Ljava/lang/Object;)Ljava/lang/Object;+87
j  sun.reflect.DelegatingMethodAccessorImpl.invoke(Ljava/lang/Object;[Ljava/lang/Object;)Ljava/lang/Object;+6
j  java.lang.reflect.Method.invoke(Ljava/lang/Object;[Ljava/lang/Object;)Ljava/lang/Object;+57
j  org.apache.maven.surefire.util.ReflectionUtils.invokeMethodWithArray(Ljava/lang/Object;Ljava/lang/reflect/Method;[Ljava/lang/Object;)Ljava/lang/Object;+3
j  org.apache.maven.surefire.booter.ProviderFactory$ProviderProxy.invoke(Ljava/lang/Object;)Lorg/apache/maven/surefire/suite/RunResult;+38
j  org.apache.maven.surefire.booter.ProviderFactory.invokeProvider(Ljava/lang/Object;Ljava/lang/ClassLoader;Ljava/lang/ClassLoader;Ljava/lang/Object;Lorg/apache/maven/surefire/booter/ProviderConfiguration;ZLorg/apache/maven/surefire/booter/StartupConfiguration;)Lorg/apache/maven/surefire/suite/RunResult;+38
j  org.apache.maven.surefire.booter.ForkedBooter.runSuitesInProcess(Ljava/lang/Object;Ljava/lang/ClassLoader;Lorg/apache/maven/surefire/booter/StartupConfiguration;Lorg/apache/maven/surefire/booter/ProviderConfiguration;)Lorg/apache/maven/surefire/suite/RunResult;+42
j  org.apache.maven.surefire.booter.ForkedBooter.main([Ljava/lang/String;)V+126
v  ~StubRoutines::call_stub
V  [libjvm.dylib+0x286acf]
V  [libjvm.dylib+0x28689c]
V  [libjvm.dylib+0x2a1e84]
V  [libjvm.dylib+0x29b207]
C  [java+0x32e2]  JavaMain+0x9b1
C  [libsystem_pthread.dylib+0x32fc]  _pthread_body+0x83
C  [libsystem_pthread.dylib+0x3279]  _pthread_body+0x0
C  [libsystem_pthread.dylib+0x14b1]  thread_start+0xd

Java frames: (J=compiled Java code, j=interpreted, Vv=VM code)
j  org.robovm.rt.iconv.IconvProvider.encodeNativeArray(J[C[BLorg/robovm/rt/iconv/IconvResult;IIII)I+0
j  org.robovm.rt.iconv.IconvProvider.encode(JLjava/nio/CharBuffer;Ljava/nio/ByteBuffer;)Lorg/robovm/rt/iconv/IconvResult;+100
j  org.robovm.rt.iconv.IconvEncoder.encodeLoop(Ljava/nio/CharBuffer;Ljava/nio/ByteBuffer;)Ljava/nio/charset/CoderResult;+40
j  java.nio.charset.CharsetEncoder.encode(Ljava/nio/CharBuffer;Ljava/nio/ByteBuffer;Z)Ljava/nio/charset/CoderResult;+57
j  org.robovm.rt.iconv.IconvEncoderArrayTest.testIconvEncodeEmptyInBuffer()V+64
v  ~StubRoutines::call_stub
j  sun.reflect.NativeMethodAccessorImpl.invoke0(Ljava/lang/reflect/Method;Ljava/lang/Object;[Ljava/lang/Object;)Ljava/lang/Object;+0
j  sun.reflect.NativeMethodAccessorImpl.invoke(Ljava/lang/Object;[Ljava/lang/Object;)Ljava/lang/Object;+87
j  sun.reflect.DelegatingMethodAccessorImpl.invoke(Ljava/lang/Object;[Ljava/lang/Object;)Ljava/lang/Object;+6
j  java.lang.reflect.Method.invoke(Ljava/lang/Object;[Ljava/lang/Object;)Ljava/lang/Object;+57
j  org.junit.runners.model.FrameworkMethod$1.runReflectiveCall()Ljava/lang/Object;+15
j  org.junit.internal.runners.model.ReflectiveCallable.run()Ljava/lang/Object;+1
j  org.junit.runners.model.FrameworkMethod.invokeExplosively(Ljava/lang/Object;[Ljava/lang/Object;)Ljava/lang/Object;+10
j  org.junit.internal.runners.statements.InvokeMethod.evaluate()V+12
j  org.junit.internal.runners.statements.RunBefores.evaluate()V+49
j  org.junit.internal.runners.statements.RunAfters.evaluate()V+18
j  org.junit.runners.BlockJUnit4ClassRunner.runChild(Lorg/junit/runners/model/FrameworkMethod;Lorg/junit/runner/notification/RunNotifier;)V+31
j  org.junit.runners.BlockJUnit4ClassRunner.runChild(Ljava/lang/Object;Lorg/junit/runner/notification/RunNotifier;)V+6
j  org.junit.runners.ParentRunner.runChildren(Lorg/junit/runner/notification/RunNotifier;)V+29
j  org.junit.runners.ParentRunner.access$000(Lorg/junit/runners/ParentRunner;Lorg/junit/runner/notification/RunNotifier;)V+2
j  org.junit.runners.ParentRunner$1.evaluate()V+8
j  org.junit.internal.runners.statements.RunBefores.evaluate()V+49
j  org.junit.internal.runners.statements.RunAfters.evaluate()V+18
j  org.junit.runners.ParentRunner.run(Lorg/junit/runner/notification/RunNotifier;)V+20
j  org.apache.maven.surefire.junit4.JUnit4Provider.execute(Ljava/lang/Class;Lorg/junit/runner/notification/RunNotifier;Ljava/lang/String;)V+79
j  org.apache.maven.surefire.junit4.JUnit4Provider.executeTestSet(Ljava/lang/Class;Lorg/apache/maven/surefire/report/RunListener;Lorg/junit/runner/notification/RunNotifier;)V+34
j  org.apache.maven.surefire.junit4.JUnit4Provider.invoke(Ljava/lang/Object;)Lorg/apache/maven/surefire/suite/RunResult;+133
v  ~StubRoutines::call_stub
j  sun.reflect.NativeMethodAccessorImpl.invoke0(Ljava/lang/reflect/Method;Ljava/lang/Object;[Ljava/lang/Object;)Ljava/lang/Object;+0
j  sun.reflect.NativeMethodAccessorImpl.invoke(Ljava/lang/Object;[Ljava/lang/Object;)Ljava/lang/Object;+87
j  sun.reflect.DelegatingMethodAccessorImpl.invoke(Ljava/lang/Object;[Ljava/lang/Object;)Ljava/lang/Object;+6
j  java.lang.reflect.Method.invoke(Ljava/lang/Object;[Ljava/lang/Object;)Ljava/lang/Object;+57
j  org.apache.maven.surefire.util.ReflectionUtils.invokeMethodWithArray(Ljava/lang/Object;Ljava/lang/reflect/Method;[Ljava/lang/Object;)Ljava/lang/Object;+3
j  org.apache.maven.surefire.booter.ProviderFactory$ProviderProxy.invoke(Ljava/lang/Object;)Lorg/apache/maven/surefire/suite/RunResult;+38
j  org.apache.maven.surefire.booter.ProviderFactory.invokeProvider(Ljava/lang/Object;Ljava/lang/ClassLoader;Ljava/lang/ClassLoader;Ljava/lang/Object;Lorg/apache/maven/surefire/booter/ProviderConfiguration;ZLorg/apache/maven/surefire/booter/StartupConfiguration;)Lorg/apache/maven/surefire/suite/RunResult;+38
j  org.apache.maven.surefire.booter.ForkedBooter.runSuitesInProcess(Ljava/lang/Object;Ljava/lang/ClassLoader;Lorg/apache/maven/surefire/booter/StartupConfiguration;Lorg/apache/maven/surefire/booter/ProviderConfiguration;)Lorg/apache/maven/surefire/suite/RunResult;+42
j  org.apache.maven.surefire.booter.ForkedBooter.main([Ljava/lang/String;)V+126
v  ~StubRoutines::call_stub

---------------  P R O C E S S  ---------------

Java Threads: ( => current thread )
  0x00007f8cba81e800 JavaThread "Service Thread" daemon [_thread_blocked, id=189816832, stack(0x000000010b406000,0x000000010b506000)]
  0x00007f8cba80a000 JavaThread "C2 CompilerThread1" daemon [_thread_blocked, id=188755968, stack(0x000000010b303000,0x000000010b403000)]
  0x00007f8cba81d000 JavaThread "C2 CompilerThread0" daemon [_thread_blocked, id=187695104, stack(0x000000010b200000,0x000000010b300000)]
  0x00007f8cbb82b000 JavaThread "Signal Dispatcher" daemon [_thread_blocked, id=186634240, stack(0x000000010b0fd000,0x000000010b1fd000)]
  0x00007f8cbc011800 JavaThread "Finalizer" daemon [_thread_blocked, id=160141312, stack(0x00000001097b9000,0x00000001098b9000)]
  0x00007f8cbc00b800 JavaThread "Reference Handler" daemon [_thread_blocked, id=159080448, stack(0x00000001096b6000,0x00000001097b6000)]
=>0x00007f8cba807000 JavaThread "main" [_thread_in_native, id=24780800, stack(0x00000001016a2000,0x00000001017a2000)]

Other Threads:
  0x00007f8cbc008800 VMThread [stack: 0x00000001095b3000,0x00000001096b3000] [id=158019584]
  0x00007f8cba830800 WatcherThread [stack: 0x000000010b509000,0x000000010b609000] [id=190877696]

VM state:not at safepoint (normal execution)

VM Mutex/Monitor currently owned by a thread: None

Heap
 PSYoungGen      total 14400K, used 5992K [0x00000007efe00000, 0x00000007f0e10000, 0x0000000800000000)
  eden space 12352K, 48% used [0x00000007efe00000,0x00000007f03da020,0x00000007f0a10000)
  from space 2048K, 0% used [0x00000007f0c10000,0x00000007f0c10000,0x00000007f0e10000)
  to   space 2048K, 0% used [0x00000007f0a10000,0x00000007f0a10000,0x00000007f0c10000)
 ParOldGen       total 33024K, used 0K [0x00000007cfa00000, 0x00000007d1a40000, 0x00000007efe00000)
  object space 33024K, 0% used [0x00000007cfa00000,0x00000007cfa00000,0x00000007d1a40000)
 PSPermGen       total 21248K, used 4354K [0x00000007ca800000, 0x00000007cbcc0000, 0x00000007cfa00000)
  object space 21248K, 20% used [0x00000007ca800000,0x00000007cac40b50,0x00000007cbcc0000)

Code Cache  [0x0000000102aa0000, 0x0000000102d10000, 0x0000000105aa0000)
 total_blobs=235 nmethods=20 adapters=168 free_code_cache=48723Kb largest_free_block=49873728

Compilation events (10 events):
Event: 3.299 Thread 0x00007f8cba80a000   16             java.lang.AbstractStringBuilder::ensureCapacityInternal (16 bytes)
Event: 3.312 Thread 0x00007f8cba80a000 nmethod 16 0x0000000102b07510 code [0x0000000102b07660, 0x0000000102b07918]
Event: 3.398 Thread 0x00007f8cba81d000   17             sun.misc.ASCIICaseInsensitiveComparator::compare (126 bytes)
Event: 3.401 Thread 0x00007f8cba80a000   18             sun.misc.ASCIICaseInsensitiveComparator::toLower (16 bytes)
Event: 3.402 Thread 0x00007f8cba80a000 nmethod 18 0x0000000102b07a90 code [0x0000000102b07bc0, 0x0000000102b07c18]
Event: 3.402 Thread 0x00007f8cba80a000   19             sun.misc.ASCIICaseInsensitiveComparator::isUpper (18 bytes)
Event: 3.403 Thread 0x00007f8cba80a000 nmethod 19 0x0000000102b07010 code [0x0000000102b07140, 0x0000000102b07198]
Event: 3.415 Thread 0x00007f8cba81d000 nmethod 17 0x0000000102b08910 code [0x0000000102b08a60, 0x0000000102b08d98]
Event: 3.435 Thread 0x00007f8cba80a000   20             sun.misc.ASCIICaseInsensitiveComparator::compare (13 bytes)
Event: 3.452 Thread 0x00007f8cba80a000 nmethod 20 0x0000000102b08190 code [0x0000000102b082e0, 0x0000000102b08738]

GC Heap History (0 events):
No events

Deoptimization events (0 events):
No events

Internal exceptions (10 events):
Event: 3.131 Thread 0x00007f8cba807000 Threw 0x00000007f02fc468 at /HUDSON/workspace/jdk7u4-2-build-macosx-x86_64-product/jdk7u4/hotspot/src/share/vm/prims/jvm.cpp:1166
Event: 3.133 Thread 0x00007f8cba807000 Threw 0x00000007f0301b40 at /HUDSON/workspace/jdk7u4-2-build-macosx-x86_64-product/jdk7u4/hotspot/src/share/vm/prims/jvm.cpp:1166
Event: 3.134 Thread 0x00007f8cba807000 Threw 0x00000007f03070d0 at /HUDSON/workspace/jdk7u4-2-build-macosx-x86_64-product/jdk7u4/hotspot/src/share/vm/prims/jvm.cpp:1166
Event: 3.146 Thread 0x00007f8cba807000 Threw 0x00000007f0317700 at /HUDSON/workspace/jdk7u4-2-build-macosx-x86_64-product/jdk7u4/hotspot/src/share/vm/prims/jvm.cpp:1166
Event: 3.148 Thread 0x00007f8cba807000 Threw 0x00000007f031bf40 at /HUDSON/workspace/jdk7u4-2-build-macosx-x86_64-product/jdk7u4/hotspot/src/share/vm/prims/jvm.cpp:1166
Event: 3.149 Thread 0x00007f8cba807000 Threw 0x00000007f0321d00 at /HUDSON/workspace/jdk7u4-2-build-macosx-x86_64-product/jdk7u4/hotspot/src/share/vm/prims/jvm.cpp:1166
Event: 3.197 Thread 0x00007f8cba807000 Threw 0x00000007f032dde8 at /HUDSON/workspace/jdk7u4-2-build-macosx-x86_64-product/jdk7u4/hotspot/src/share/vm/prims/jvm.cpp:1166
Event: 3.219 Thread 0x00007f8cba807000 Threw 0x00000007f03326c8 at /HUDSON/workspace/jdk7u4-2-build-macosx-x86_64-product/jdk7u4/hotspot/src/share/vm/prims/jvm.cpp:1166
Event: 3.238 Thread 0x00007f8cba807000 Threw 0x00000007f0337d20 at /HUDSON/workspace/jdk7u4-2-build-macosx-x86_64-product/jdk7u4/hotspot/src/share/vm/prims/jvm.cpp:1166
Event: 3.315 Thread 0x00007f8cba807000 Threw 0x00000007f034acd8 at /HUDSON/workspace/jdk7u4-2-build-macosx-x86_64-product/jdk7u4/hotspot/src/share/vm/prims/jvm.cpp:1166

Events (10 events):
Event: 3.495 loading class 0x00007f8cba54bfc0
Event: 3.495 loading class 0x00007f8cba54bfc0 done
Event: 3.495 loading class 0x00007f8cba73e1b0
Event: 3.495 loading class 0x00007f8cba73e1b0 done
Event: 3.495 loading class 0x00007f8cba440690
Event: 3.496 loading class 0x00007f8cba440690 done
Event: 3.496 loading class 0x00007f8cba440530
Event: 3.497 loading class 0x00007f8cba440530 done
Event: 3.498 loading class 0x00007f8cba61c890
Event: 3.498 loading class 0x00007f8cba61c890 done


Dynamic libraries:
0x0000000002047000 	/System/Library/Frameworks/Cocoa.framework/Versions/A/Cocoa
0x0000000002047000 	/System/Library/Frameworks/Security.framework/Versions/A/Security
0x0000000002047000 	/System/Library/Frameworks/ApplicationServices.framework/Versions/A/ApplicationServices
0x0000000002047000 	/usr/lib/libz.1.dylib
0x0000000002047000 	/usr/lib/libSystem.B.dylib
0x0000000002047000 	/usr/lib/libobjc.A.dylib
0x0000000002047000 	/System/Library/Frameworks/CoreFoundation.framework/Versions/A/CoreFoundation
0x0000000002047000 	/System/Library/Frameworks/AppKit.framework/Versions/C/AppKit
0x0000000002047000 	/System/Library/Frameworks/CoreData.framework/Versions/A/CoreData
0x0000000002047000 	/System/Library/Frameworks/Foundation.framework/Versions/C/Foundation
0x0000000002047000 	/System/Library/PrivateFrameworks/RemoteViewServices.framework/Versions/A/RemoteViewServices
0x0000000002047000 	/System/Library/PrivateFrameworks/UIFoundation.framework/Versions/A/UIFoundation
0x0000000002047000 	/System/Library/Frameworks/IOSurface.framework/Versions/A/IOSurface
0x0000000002047000 	/System/Library/Frameworks/AudioToolbox.framework/Versions/A/AudioToolbox
0x0000000002047000 	/System/Library/Frameworks/AudioUnit.framework/Versions/A/AudioUnit
0x0000000002047000 	/System/Library/PrivateFrameworks/DataDetectorsCore.framework/Versions/A/DataDetectorsCore
0x0000000002047000 	/System/Library/PrivateFrameworks/DesktopServicesPriv.framework/Versions/A/DesktopServicesPriv
0x0000000002047000 	/System/Library/Frameworks/Carbon.framework/Versions/A/Frameworks/HIToolbox.framework/Versions/A/HIToolbox
0x0000000002047000 	/System/Library/Frameworks/QuartzCore.framework/Versions/A/QuartzCore
0x0000000002047000 	/System/Library/Frameworks/Carbon.framework/Versions/A/Frameworks/SpeechRecognition.framework/Versions/A/SpeechRecognition
0x0000000002047000 	/usr/lib/libauto.dylib
0x0000000002047000 	/usr/lib/libicucore.A.dylib
0x0000000002047000 	/usr/lib/libxml2.2.dylib
0x0000000002047000 	/System/Library/PrivateFrameworks/CoreUI.framework/Versions/A/CoreUI
0x0000000002047000 	/System/Library/Frameworks/CoreAudio.framework/Versions/A/CoreAudio
0x0000000002047000 	/System/Library/Frameworks/DiskArbitration.framework/Versions/A/DiskArbitration
0x0000000002047000 	/usr/lib/liblangid.dylib
0x0000000002047000 	/System/Library/PrivateFrameworks/MultitouchSupport.framework/Versions/A/MultitouchSupport
0x0000000002047000 	/System/Library/Frameworks/IOKit.framework/Versions/A/IOKit
0x0000000002047000 	/usr/lib/libDiagnosticMessagesClient.dylib
0x0000000002047000 	/System/Library/Frameworks/CoreServices.framework/Versions/A/CoreServices
0x0000000002047000 	/System/Library/PrivateFrameworks/PerformanceAnalysis.framework/Versions/A/PerformanceAnalysis
0x0000000002047000 	/System/Library/PrivateFrameworks/GenerationalStorage.framework/Versions/A/GenerationalStorage
0x0000000002047000 	/System/Library/Frameworks/OpenGL.framework/Versions/A/OpenGL
0x0000000002047000 	/System/Library/PrivateFrameworks/Sharing.framework/Versions/A/Sharing
0x0000000002047000 	/System/Library/Frameworks/CoreGraphics.framework/Versions/A/CoreGraphics
0x0000000002047000 	/System/Library/Frameworks/CoreText.framework/Versions/A/CoreText
0x0000000002047000 	/System/Library/Frameworks/ImageIO.framework/Versions/A/ImageIO
0x0000000002047000 	/usr/lib/libextension.dylib
0x0000000002047000 	/System/Library/PrivateFrameworks/Backup.framework/Versions/A/Backup
0x0000000002047000 	/usr/lib/libarchive.2.dylib
0x0000000002047000 	/System/Library/Frameworks/CFNetwork.framework/Versions/A/CFNetwork
0x0000000002047000 	/System/Library/Frameworks/SystemConfiguration.framework/Versions/A/SystemConfiguration
0x0000000002047000 	/usr/lib/libCRFSuite.dylib
0x0000000002047000 	/usr/lib/libc++.1.dylib
0x0000000002047000 	/usr/lib/libc++abi.dylib
0x0000000002047000 	/usr/lib/system/libcache.dylib
0x0000000002047000 	/usr/lib/system/libcommonCrypto.dylib
0x0000000002047000 	/usr/lib/system/libcompiler_rt.dylib
0x0000000002047000 	/usr/lib/system/libcopyfile.dylib
0x0000000002047000 	/usr/lib/system/libcorecrypto.dylib
0x0000000002047000 	/usr/lib/system/libdispatch.dylib
0x0000000002047000 	/usr/lib/system/libdyld.dylib
0x0000000002047000 	/usr/lib/system/libkeymgr.dylib
0x0000000002047000 	/usr/lib/system/liblaunch.dylib
0x0000000002047000 	/usr/lib/system/libmacho.dylib
0x0000000002047000 	/usr/lib/system/libquarantine.dylib
0x0000000002047000 	/usr/lib/system/libremovefile.dylib
0x0000000002047000 	/usr/lib/system/libsystem_asl.dylib
0x0000000002047000 	/usr/lib/system/libsystem_blocks.dylib
0x0000000002047000 	/usr/lib/system/libsystem_c.dylib
0x0000000002047000 	/usr/lib/system/libsystem_configuration.dylib
0x0000000002047000 	/usr/lib/system/libsystem_coreservices.dylib
0x0000000002047000 	/usr/lib/system/libsystem_coretls.dylib
0x0000000002047000 	/usr/lib/system/libsystem_dnssd.dylib
0x0000000002047000 	/usr/lib/system/libsystem_info.dylib
0x0000000002047000 	/usr/lib/system/libsystem_kernel.dylib
0x0000000002047000 	/usr/lib/system/libsystem_m.dylib
0x0000000002047000 	/usr/lib/system/libsystem_malloc.dylib
0x0000000002047000 	/usr/lib/system/libsystem_network.dylib
0x0000000002047000 	/usr/lib/system/libsystem_networkextension.dylib
0x0000000002047000 	/usr/lib/system/libsystem_notify.dylib
0x0000000002047000 	/usr/lib/system/libsystem_platform.dylib
0x0000000002047000 	/usr/lib/system/libsystem_pthread.dylib
0x0000000002047000 	/usr/lib/system/libsystem_sandbox.dylib
0x0000000002047000 	/usr/lib/system/libsystem_secinit.dylib
0x0000000002047000 	/usr/lib/system/libsystem_stats.dylib
0x0000000002047000 	/usr/lib/system/libsystem_trace.dylib
0x0000000002047000 	/usr/lib/system/libunc.dylib
0x0000000002047000 	/usr/lib/system/libunwind.dylib
0x0000000002047000 	/usr/lib/system/libxpc.dylib
0x0000000002047000 	/usr/lib/libbz2.1.0.dylib
0x0000000002047000 	/usr/lib/liblzma.5.dylib
0x0000000002047000 	/usr/lib/libbsm.0.dylib
0x0000000002047000 	/usr/lib/libsqlite3.dylib
0x0000000002047000 	/usr/lib/system/libkxld.dylib
0x0000000002047000 	/usr/lib/libxar.1.dylib
0x0000000002047000 	/usr/lib/libpam.2.dylib
0x0000000002047000 	/usr/lib/libOpenScriptingUtil.dylib
0x0000000002047000 	/System/Library/Frameworks/CoreServices.framework/Versions/A/Frameworks/FSEvents.framework/Versions/A/FSEvents
0x0000000002047000 	/System/Library/Frameworks/CoreServices.framework/Versions/A/Frameworks/CarbonCore.framework/Versions/A/CarbonCore
0x0000000002047000 	/System/Library/Frameworks/CoreServices.framework/Versions/A/Frameworks/Metadata.framework/Versions/A/Metadata
0x0000000002047000 	/System/Library/Frameworks/CoreServices.framework/Versions/A/Frameworks/OSServices.framework/Versions/A/OSServices
0x0000000002047000 	/System/Library/Frameworks/CoreServices.framework/Versions/A/Frameworks/SearchKit.framework/Versions/A/SearchKit
0x0000000002047000 	/System/Library/Frameworks/CoreServices.framework/Versions/A/Frameworks/AE.framework/Versions/A/AE
0x0000000002047000 	/System/Library/Frameworks/CoreServices.framework/Versions/A/Frameworks/LaunchServices.framework/Versions/A/LaunchServices
0x0000000002047000 	/System/Library/Frameworks/CoreServices.framework/Versions/A/Frameworks/DictionaryServices.framework/Versions/A/DictionaryServices
0x0000000002047000 	/System/Library/Frameworks/NetFS.framework/Versions/A/NetFS
0x0000000002047000 	/System/Library/PrivateFrameworks/NetAuth.framework/Versions/A/NetAuth
0x0000000002047000 	/System/Library/PrivateFrameworks/login.framework/Versions/A/Frameworks/loginsupport.framework/Versions/A/loginsupport
0x0000000002047000 	/System/Library/PrivateFrameworks/TCC.framework/Versions/A/TCC
0x0000000002047000 	/usr/lib/libmecabra.dylib
0x0000000002047000 	/System/Library/PrivateFrameworks/LanguageModeling.framework/Versions/A/LanguageModeling
0x0000000002047000 	/usr/lib/libcmph.dylib
0x0000000002047000 	/usr/lib/libiconv.2.dylib
0x0000000002047000 	/System/Library/Frameworks/OpenDirectory.framework/Versions/A/Frameworks/CFOpenDirectory.framework/Versions/A/CFOpenDirectory
0x0000000002047000 	/System/Library/Frameworks/ServiceManagement.framework/Versions/A/ServiceManagement
0x0000000002047000 	/usr/lib/libxslt.1.dylib
0x0000000002047000 	/System/Library/Frameworks/Carbon.framework/Versions/A/Frameworks/Ink.framework/Versions/A/Ink
0x0000000002047000 	/System/Library/Frameworks/ApplicationServices.framework/Versions/A/Frameworks/ATS.framework/Versions/A/ATS
0x0000000002047000 	/System/Library/Frameworks/ApplicationServices.framework/Versions/A/Frameworks/ColorSync.framework/Versions/A/ColorSync
0x0000000002047000 	/System/Library/Frameworks/ApplicationServices.framework/Versions/A/Frameworks/HIServices.framework/Versions/A/HIServices
0x0000000002047000 	/System/Library/Frameworks/ApplicationServices.framework/Versions/A/Frameworks/LangAnalysis.framework/Versions/A/LangAnalysis
0x0000000002047000 	/System/Library/Frameworks/ApplicationServices.framework/Versions/A/Frameworks/PrintCore.framework/Versions/A/PrintCore
0x0000000002047000 	/System/Library/Frameworks/ApplicationServices.framework/Versions/A/Frameworks/QD.framework/Versions/A/QD
0x0000000002047000 	/System/Library/Frameworks/ApplicationServices.framework/Versions/A/Frameworks/SpeechSynthesis.framework/Versions/A/SpeechSynthesis
0x0000000002047000 	/System/Library/Frameworks/Accelerate.framework/Versions/A/Accelerate
0x0000000002047000 	/System/Library/Frameworks/Accelerate.framework/Versions/A/Frameworks/vImage.framework/Versions/A/vImage
0x0000000002047000 	/System/Library/Frameworks/Accelerate.framework/Versions/A/Frameworks/vecLib.framework/Versions/A/vecLib
0x0000000002047000 	/System/Library/Frameworks/Accelerate.framework/Versions/A/Frameworks/vecLib.framework/Versions/A/libvDSP.dylib
0x0000000002047000 	/System/Library/Frameworks/Accelerate.framework/Versions/A/Frameworks/vecLib.framework/Versions/A/libvMisc.dylib
0x0000000002047000 	/System/Library/Frameworks/Accelerate.framework/Versions/A/Frameworks/vecLib.framework/Versions/A/libLAPACK.dylib
0x0000000002047000 	/System/Library/Frameworks/Accelerate.framework/Versions/A/Frameworks/vecLib.framework/Versions/A/libBLAS.dylib
0x0000000002047000 	/System/Library/Frameworks/Accelerate.framework/Versions/A/Frameworks/vecLib.framework/Versions/A/libLinearAlgebra.dylib
0x0000000002047000 	/System/Library/Frameworks/ApplicationServices.framework/Versions/A/Frameworks/ATS.framework/Versions/A/Resources/libFontParser.dylib
0x0000000002047000 	/System/Library/Frameworks/ApplicationServices.framework/Versions/A/Frameworks/ATS.framework/Versions/A/Resources/libFontRegistry.dylib
0x0000000002047000 	/System/Library/PrivateFrameworks/AppleVPA.framework/Versions/A/AppleVPA
0x0000000002047000 	/System/Library/PrivateFrameworks/AppleJPEG.framework/Versions/A/AppleJPEG
0x0000000002047000 	/System/Library/Frameworks/ImageIO.framework/Versions/A/Resources/libJPEG.dylib
0x0000000002047000 	/System/Library/Frameworks/ImageIO.framework/Versions/A/Resources/libTIFF.dylib
0x0000000002047000 	/System/Library/Frameworks/ImageIO.framework/Versions/A/Resources/libPng.dylib
0x0000000002047000 	/System/Library/Frameworks/ImageIO.framework/Versions/A/Resources/libGIF.dylib
0x0000000002047000 	/System/Library/Frameworks/ImageIO.framework/Versions/A/Resources/libJP2.dylib
0x0000000002047000 	/System/Library/Frameworks/ImageIO.framework/Versions/A/Resources/libRadiance.dylib
0x0000000002047000 	/System/Library/Frameworks/CoreVideo.framework/Versions/A/CoreVideo
0x0000000002047000 	/System/Library/Frameworks/OpenGL.framework/Versions/A/Libraries/libGLU.dylib
0x0000000002047000 	/System/Library/Frameworks/OpenGL.framework/Versions/A/Libraries/libGFXShared.dylib
0x0000000002047000 	/System/Library/Frameworks/OpenGL.framework/Versions/A/Libraries/libGL.dylib
0x0000000002047000 	/System/Library/Frameworks/OpenGL.framework/Versions/A/Libraries/libGLImage.dylib
0x0000000002047000 	/System/Library/Frameworks/OpenGL.framework/Versions/A/Libraries/libCVMSPluginSupport.dylib
0x0000000002047000 	/System/Library/Frameworks/OpenGL.framework/Versions/A/Libraries/libCoreVMClient.dylib
0x0000000002047000 	/usr/lib/libcups.2.dylib
0x0000000002047000 	/System/Library/Frameworks/Kerberos.framework/Versions/A/Kerberos
0x0000000002047000 	/System/Library/Frameworks/GSS.framework/Versions/A/GSS
0x0000000002047000 	/usr/lib/libresolv.9.dylib
0x0000000002047000 	/System/Library/PrivateFrameworks/Heimdal.framework/Versions/A/Heimdal
0x0000000002047000 	/usr/lib/libheimdal-asn1.dylib
0x0000000002047000 	/System/Library/Frameworks/OpenDirectory.framework/Versions/A/OpenDirectory
0x0000000002047000 	/System/Library/PrivateFrameworks/CommonAuth.framework/Versions/A/CommonAuth
0x0000000002047000 	/System/Library/Frameworks/SecurityFoundation.framework/Versions/A/SecurityFoundation
0x0000000002047000 	/System/Library/Frameworks/QuartzCore.framework/Versions/A/Frameworks/CoreImage.framework/Versions/A/CoreImage
0x0000000002047000 	/System/Library/PrivateFrameworks/CrashReporterSupport.framework/Versions/A/CrashReporterSupport
0x0000000002047000 	/System/Library/Frameworks/OpenCL.framework/Versions/A/OpenCL
0x0000000002047000 	/System/Library/PrivateFrameworks/FaceCore.framework/Versions/A/FaceCore
0x0000000002047000 	/System/Library/PrivateFrameworks/Ubiquity.framework/Versions/A/Ubiquity
0x0000000002047000 	/System/Library/PrivateFrameworks/IconServices.framework/Versions/A/IconServices
0x0000000002047000 	/System/Library/PrivateFrameworks/ChunkingLibrary.framework/Versions/A/ChunkingLibrary
0x0000000002047000 	/System/Library/PrivateFrameworks/Apple80211.framework/Versions/A/Apple80211
0x0000000002047000 	/System/Library/Frameworks/CoreWLAN.framework/Versions/A/CoreWLAN
0x0000000002047000 	/System/Library/Frameworks/IOBluetooth.framework/Versions/A/IOBluetooth
0x0000000002047000 	/System/Library/PrivateFrameworks/CoreWiFi.framework/Versions/A/CoreWiFi
0x0000000002047000 	/System/Library/Frameworks/CoreBluetooth.framework/Versions/A/CoreBluetooth
0x0000000002047000 	/System/Library/PrivateFrameworks/DebugSymbols.framework/Versions/A/DebugSymbols
0x0000000002047000 	/System/Library/PrivateFrameworks/CoreSymbolication.framework/Versions/A/CoreSymbolication
0x0000000002047000 	/System/Library/PrivateFrameworks/Symbolication.framework/Versions/A/Symbolication
0x0000000002047000 	/System/Library/PrivateFrameworks/SpeechRecognitionCore.framework/Versions/A/SpeechRecognitionCore
0x0000000102000000 	/Library/Java/JavaVirtualMachines/1.7.0.jdk/Contents/Home/jre/lib/server/libjvm.dylib
0x0000000002047000 	/usr/lib/libstdc++.6.dylib
0x00000001017a4000 	/Library/Java/JavaVirtualMachines/1.7.0.jdk/Contents/Home/jre/lib/libverify.dylib
0x00000001017b1000 	/Library/Java/JavaVirtualMachines/1.7.0.jdk/Contents/Home/jre/lib/libjava.dylib
0x00000001017eb000 	/Library/Java/JavaVirtualMachines/1.7.0.jdk/Contents/Home/jre/lib/libzip.dylib
0x00000001098bb000 	/System/Library/Frameworks/JavaVM.framework/Frameworks/JavaRuntimeSupport.framework/JavaRuntimeSupport
0x00000001098d3000 	/System/Library/Frameworks/JavaVM.framework/Versions/A/Frameworks/JavaNativeFoundation.framework/Versions/A/JavaNativeFoundation
0x00000001098e8000 	/System/Library/Frameworks/JavaVM.framework/Versions/A/JavaVM
0x0000000002047000 	/System/Library/Frameworks/Carbon.framework/Versions/A/Carbon
0x00000001017f4000 	/System/Library/PrivateFrameworks/JavaLaunching.framework/Versions/A/JavaLaunching
0x0000000002047000 	/System/Library/Frameworks/Carbon.framework/Versions/A/Frameworks/CommonPanels.framework/Versions/A/CommonPanels
0x0000000002047000 	/System/Library/Frameworks/Carbon.framework/Versions/A/Frameworks/Help.framework/Versions/A/Help
0x0000000002047000 	/System/Library/Frameworks/Carbon.framework/Versions/A/Frameworks/ImageCapture.framework/Versions/A/ImageCapture
0x0000000002047000 	/System/Library/Frameworks/Carbon.framework/Versions/A/Frameworks/OpenScripting.framework/Versions/A/OpenScripting
0x0000000002047000 	/System/Library/Frameworks/Carbon.framework/Versions/A/Frameworks/Print.framework/Versions/A/Print
0x0000000002047000 	/System/Library/Frameworks/Carbon.framework/Versions/A/Frameworks/SecurityHI.framework/Versions/A/SecurityHI
0x000000010b694000 	/Users/David/work/robovmfork/robovm/rt/target/lib/libiconvprovider.dylib

VM Arguments:
jvm_args: -Djava.library.path=/Users/David/work/robovmfork/robovm/rt/target/lib/ 
java_command: /Users/David/work/robovmfork/robovm/rt/target/surefire/surefirebooter8581453910023768668.jar /Users/David/work/robovmfork/robovm/rt/target/surefire/surefire5096028065675961137tmp /Users/David/work/robovmfork/robovm/rt/target/surefire/surefire1751089270881642562tmp
Launcher Type: SUN_STANDARD

Environment Variables:
JAVA_HOME=/Library/Java/JavaVirtualMachines/1.7.0.jdk/Contents/Home
PATH=/Library/Frameworks/Python.framework/Versions/2.7/bin:/Users/David/work/Maven/apache-maven-3.2.3/bin:/opt/local/bin:/opt/local/sbin:/usr/local/bin:/usr/bin:/bin:/usr/sbin:/sbin:/opt/X11/bin
SHELL=/bin/bash
DISPLAY=/private/tmp/com.apple.launchd.Ybl7IYr9PQ/org.macosforge.xquartz:0

Signal Handlers:
SIGSEGV: [libjvm.dylib+0x4a177d], sa_mask[0]=0xfffefeff, sa_flags=0x00000042
SIGBUS: [libjvm.dylib+0x4a177d], sa_mask[0]=0xfffefeff, sa_flags=0x00000042
SIGFPE: [libjvm.dylib+0x3b1541], sa_mask[0]=0xfffefeff, sa_flags=0x00000042
SIGPIPE: [libjvm.dylib+0x3b1541], sa_mask[0]=0xfffefeff, sa_flags=0x00000042
SIGXFSZ: [libjvm.dylib+0x3b1541], sa_mask[0]=0xfffefeff, sa_flags=0x00000042
SIGILL: [libjvm.dylib+0x3b1541], sa_mask[0]=0xfffefeff, sa_flags=0x00000042
SIGUSR1: SIG_DFL, sa_mask[0]=0x63807efb, sa_flags=0x00000000
SIGUSR2: [libjvm.dylib+0x3b10ce], sa_mask[0]=0x00000004, sa_flags=0x00000042
SIGHUP: [libjvm.dylib+0x3af2f3], sa_mask[0]=0xfffefeff, sa_flags=0x00000042
SIGINT: [libjvm.dylib+0x3af2f3], sa_mask[0]=0xfffefeff, sa_flags=0x00000042
SIGTERM: [libjvm.dylib+0x3af2f3], sa_mask[0]=0xfffefeff, sa_flags=0x00000042
SIGQUIT: [libjvm.dylib+0x3af2f3], sa_mask[0]=0xfffefeff, sa_flags=0x00000042


---------------  S Y S T E M  ---------------

OS:Bsd
uname:Darwin 14.0.0 Darwin Kernel Version 14.0.0: Sat Sep 27 03:58:47 PDT 2014; root:xnu-2782.1.97~11/RELEASE_X86_64 x86_64
rlimit: STACK 8192k, CORE 0k, NPROC 709, NOFILE 10240
CPU:total 4 (2 cores per cpu, 2 threads per core) family 6 model 42 stepping 7, cmov, cx8, fxsr, mmx, sse, sse2, sse3, ssse3, sse4.1, sse4.2, popcnt, avx, ht, tsc, tscinvbit

Memory: 4k page, physical 3165896k(791474k free)

/proc/meminfo:


vm_info: Java HotSpot(TM) 64-Bit Server VM (23.0-b21) for bsd-amd64 JRE (1.7.0_04-b21), built on Apr 19 2012 22:33:17 by "java_re" with gcc 4.2.1 (Based on Apple Inc. build 5658) (LLVM build 2336.1.00)

time: Mon Oct 13 10:01:55 2014
elapsed time: 3 seconds

